d:\study\code\c++projects\editlistctrl\editlistctrl\debug\editlistctrl.pch
d:\study\code\c++projects\editlistctrl\editlistctrl\debug\vc120.pdb
d:\study\code\c++projects\editlistctrl\editlistctrl\debug\vc120.idb
d:\study\code\c++projects\editlistctrl\editlistctrl\debug\stdafx.obj
d:\study\code\c++projects\editlistctrl\editlistctrl\debug\editlistctrl.obj
d:\study\code\c++projects\editlistctrl\editlistctrl\debug\editlistctrldlg.obj
d:\study\code\c++projects\editlistctrl\editlistctrl\debug\editlc.obj
d:\study\code\c++projects\editlistctrl\debug\editlistctrl.ilk
d:\study\code\c++projects\editlistctrl\debug\editlistctrl.exe
d:\study\code\c++projects\editlistctrl\debug\editlistctrl.pdb
d:\study\code\c++projects\editlistctrl\editlistctrl\debug\editlistctrl.res
d:\study\code\c++projects\editlistctrl\editlistctrl\debug\editlistctrl.tlog\cl.command.1.tlog
d:\study\code\c++projects\editlistctrl\editlistctrl\debug\editlistctrl.tlog\cl.read.1.tlog
d:\study\code\c++projects\editlistctrl\editlistctrl\debug\editlistctrl.tlog\cl.write.1.tlog
d:\study\code\c++projects\editlistctrl\editlistctrl\debug\editlistctrl.tlog\link.command.1.tlog
d:\study\code\c++projects\editlistctrl\editlistctrl\debug\editlistctrl.tlog\link.read.1.tlog
d:\study\code\c++projects\editlistctrl\editlistctrl\debug\editlistctrl.tlog\link.write.1.tlog
d:\study\code\c++projects\editlistctrl\editlistctrl\debug\editlistctrl.tlog\rc.command.1.tlog
d:\study\code\c++projects\editlistctrl\editlistctrl\debug\editlistctrl.tlog\rc.read.1.tlog
d:\study\code\c++projects\editlistctrl\editlistctrl\debug\editlistctrl.tlog\rc.write.1.tlog
